0 info it worked if it ends with ok
1 verbose cli [ 'node',
1 verbose cli   '/usr/local/bin/npm',
1 verbose cli   'install',
1 verbose cli   'autobahn==0.9.8',
1 verbose cli   '--save' ]
2 info using npm@2.5.1
3 info using node@v0.12.0
4 silly cache add args [ 'autobahn==0.9.8', null ]
5 verbose cache add spec autobahn==0.9.8
6 silly cache add parsed spec { raw: 'autobahn==0.9.8',
6 silly cache add   scope: null,
6 silly cache add   name: null,
6 silly cache add   rawSpec: 'autobahn==0.9.8',
6 silly cache add   spec: '/Users/ericchapman/Documents/SoftwareRepos/Headquarters/docker_nodejs_crossbar_service_consul/src/autobahn==0.9.8',
6 silly cache add   type: 'local' }
7 error addLocal Could not install /Users/ericchapman/Documents/SoftwareRepos/Headquarters/docker_nodejs_crossbar_service_consul/src/autobahn==0.9.8
8 verbose stack Error: ENOENT, open '/Users/ericchapman/Documents/SoftwareRepos/Headquarters/docker_nodejs_crossbar_service_consul/src/autobahn==0.9.8'
8 verbose stack     at Error (native)
9 verbose cwd /Users/ericchapman/Documents/SoftwareRepos/Headquarters/docker_nodejs_crossbar_service_consul/src
10 error Darwin 14.5.0
11 error argv "node" "/usr/local/bin/npm" "install" "autobahn==0.9.8" "--save"
12 error node v0.12.0
13 error npm  v2.5.1
14 error path /Users/ericchapman/Documents/SoftwareRepos/Headquarters/docker_nodejs_crossbar_service_consul/src/autobahn==0.9.8
15 error code ENOENT
16 error errno -2
17 error enoent ENOENT, open '/Users/ericchapman/Documents/SoftwareRepos/Headquarters/docker_nodejs_crossbar_service_consul/src/autobahn==0.9.8'
17 error enoent This is most likely not a problem with npm itself
17 error enoent and is related to npm not being able to find a file.
18 verbose exit [ -2, true ]
